<?xml version="1.0" encoding="UTF-8"?>
<!-- Generated by org.testng.reporters.JUnitReportReporter -->
<testsuite hostname="DESKTOP-95AM98O" failures="0" tests="2" name="TestVariables" time="11.701" errors="0" timestamp="2022-10-29T13:09:26 EET" skipped="0">
  <testcase classname="TestVariables" name="print" time="0.016"/>
  <system-out/>
  <testcase classname="TestVariables" name="openChrome" time="11.685"/>
  <system-out/>
</testsuite> <!-- TestVariables -->
