<?xml version="1.0" encoding="UTF-8"?>
<!-- Generated by org.testng.reporters.JUnitReportReporter -->
<testsuite hostname="DESKTOP-95AM98O" failures="0" tests="4" name="Test1" time="12.582" errors="0" timestamp="2022-10-29T14:05:53 EET" skipped="2">
  <testcase classname="Test1" name="print" time="0.016"/>
  <system-out/>
  <testcase classname="Test1" name="openChrome" time="12.566"/>
  <system-out/>
  <testcase classname="Test1" name="tst2">
    <skipped/>
  </testcase> <!-- tst2 -->
  <system-out/>
  <testcase classname="Test1" name="tst1">
    <skipped/>
  </testcase> <!-- tst1 -->
  <system-out/>
</testsuite> <!-- Test1 -->
